[2025-08-11 13:27:43] local.ERROR: SQLSTATE[08006] [7] connection to server at "localhost" (127.0.0.1), port 5432 failed: Connection refused
	Is the server running on that host and accepting TCP/IP connections? (Connection: pgsql, SQL: insert into "telescope_entries" ("batch_id", "content", "created_at", "family_hash", "type", "uuid") values (9f9be38c-3943-478e-97b3-c88334d7e08c, {"command":"key:generate","exit_code":0,"arguments":{"command":"key:generate"},"options":{"show":true,"force":false,"help":false,"quiet":false,"verbose":false,"version":false,"ansi":null,"no-interaction":false,"env":null},"hostname":"unc-H61MGV"}, 2025-08-11 13:27:43, ?, command, 9f9be38c-374c-41bb-8dd9-f1d53a0331cc)) {"exception":"[object] (Illuminate\\Database\\QueryException(code: 7): SQLSTATE[08006] [7] connection to server at \"localhost\" (127.0.0.1), port 5432 failed: Connection refused
\tIs the server running on that host and accepting TCP/IP connections? (Connection: pgsql, SQL: insert into \"telescope_entries\" (\"batch_id\", \"content\", \"created_at\", \"family_hash\", \"type\", \"uuid\") values (9f9be38c-3943-478e-97b3-c88334d7e08c, {\"command\":\"key:generate\",\"exit_code\":0,\"arguments\":{\"command\":\"key:generate\"},\"options\":{\"show\":true,\"force\":false,\"help\":false,\"quiet\":false,\"verbose\":false,\"version\":false,\"ansi\":null,\"no-interaction\":false,\"env\":null},\"hostname\":\"unc-H61MGV\"}, 2025-08-11 13:27:43, ?, command, 9f9be38c-374c-41bb-8dd9-f1d53a0331cc)) at /opt/lampp/htdocs/tour-mgmt-laravel-render/vendor/laravel/framework/src/Illuminate/Database/Connection.php:829)
[stacktrace]
#0 /opt/lampp/htdocs/tour-mgmt-laravel-render/vendor/laravel/framework/src/Illuminate/Database/Connection.php(783): Illuminate\\Database\\Connection->runQueryCallback('insert into \"te...', Array, Object(Closure))
#1 /opt/lampp/htdocs/tour-mgmt-laravel-render/vendor/laravel/framework/src/Illuminate/Database/Connection.php(588): Illuminate\\Database\\Connection->run('insert into \"te...', Array, Object(Closure))
#2 /opt/lampp/htdocs/tour-mgmt-laravel-render/vendor/laravel/framework/src/Illuminate/Database/Connection.php(540): Illuminate\\Database\\Connection->statement('insert into \"te...', Array)
#3 /opt/lampp/htdocs/tour-mgmt-laravel-render/vendor/laravel/framework/src/Illuminate/Database/Query/Builder.php(3500): Illuminate\\Database\\Connection->insert('insert into \"te...', Array)
#4 /opt/lampp/htdocs/tour-mgmt-laravel-render/vendor/laravel/telescope/src/Storage/DatabaseEntriesRepository.php(149): Illuminate\\Database\\Query\\Builder->insert(Array)
#5 /opt/lampp/htdocs/tour-mgmt-laravel-render/vendor/laravel/framework/src/Illuminate/Collections/Traits/EnumeratesValues.php(240): Laravel\\Telescope\\Storage\\DatabaseEntriesRepository->Laravel\\Telescope\\Storage\\{closure}(Object(Illuminate\\Support\\Collection), 0)
#6 /opt/lampp/htdocs/tour-mgmt-laravel-render/vendor/laravel/telescope/src/Storage/DatabaseEntriesRepository.php(150): Illuminate\\Support\\Collection->each(Object(Closure))
#7 /opt/lampp/htdocs/tour-mgmt-laravel-render/vendor/laravel/telescope/src/Telescope.php(664): Laravel\\Telescope\\Storage\\DatabaseEntriesRepository->store(Object(Illuminate\\Support\\Collection))
#8 [internal function]: Laravel\\Telescope\\Telescope::Laravel\\Telescope\\{closure}()
#9 /opt/lampp/htdocs/tour-mgmt-laravel-render/vendor/laravel/telescope/src/Telescope.php(289): call_user_func(Object(Closure))
#10 /opt/lampp/htdocs/tour-mgmt-laravel-render/vendor/laravel/telescope/src/Telescope.php(688): Laravel\\Telescope\\Telescope::withoutRecording(Object(Closure))
#11 /opt/lampp/htdocs/tour-mgmt-laravel-render/vendor/laravel/telescope/src/ListensForStorageOpportunities.php(65): Laravel\\Telescope\\Telescope::store(Object(Laravel\\Telescope\\Storage\\DatabaseEntriesRepository))
#12 /opt/lampp/htdocs/tour-mgmt-laravel-render/vendor/laravel/framework/src/Illuminate/Container/BoundMethod.php(36): Laravel\\Telescope\\Telescope::Laravel\\Telescope\\{closure}()
#13 /opt/lampp/htdocs/tour-mgmt-laravel-render/vendor/laravel/framework/src/Illuminate/Container/Util.php(41): Illuminate\\Container\\BoundMethod::Illuminate\\Container\\{closure}()
#14 /opt/lampp/htdocs/tour-mgmt-laravel-render/vendor/laravel/framework/src/Illuminate/Container/BoundMethod.php(81): Illuminate\\Container\\Util::unwrapIfClosure(Object(Closure))
#15 /opt/lampp/htdocs/tour-mgmt-laravel-render/vendor/laravel/framework/src/Illuminate/Container/BoundMethod.php(37): Illuminate\\Container\\BoundMethod::callBoundMethod(Object(Illuminate\\Foundation\\Application), Object(Closure), Object(Closure))
#16 /opt/lampp/htdocs/tour-mgmt-laravel-render/vendor/laravel/framework/src/Illuminate/Container/Container.php(662): Illuminate\\Container\\BoundMethod::call(Object(Illuminate\\Foundation\\Application), Object(Closure), Array, NULL)
#17 /opt/lampp/htdocs/tour-mgmt-laravel-render/vendor/laravel/framework/src/Illuminate/Foundation/Application.php(1303): Illuminate\\Container\\Container->call(Object(Closure))
#18 /opt/lampp/htdocs/tour-mgmt-laravel-render/vendor/laravel/framework/src/Illuminate/Foundation/Console/Kernel.php(220): Illuminate\\Foundation\\Application->terminate()
#19 /opt/lampp/htdocs/tour-mgmt-laravel-render/artisan(51): Illuminate\\Foundation\\Console\\Kernel->terminate(Object(Symfony\\Component\\Console\\Input\\ArgvInput), 0)
#20 {main}

[previous exception] [object] (PDOException(code: 7): SQLSTATE[08006] [7] connection to server at \"localhost\" (127.0.0.1), port 5432 failed: Connection refused
\tIs the server running on that host and accepting TCP/IP connections? at /opt/lampp/htdocs/tour-mgmt-laravel-render/vendor/laravel/framework/src/Illuminate/Database/Connectors/Connector.php:65)
[stacktrace]
#0 /opt/lampp/htdocs/tour-mgmt-laravel-render/vendor/laravel/framework/src/Illuminate/Database/Connectors/Connector.php(65): PDO->__construct('pgsql:host=loca...', 'homestead', 'secret', Array)
#1 /opt/lampp/htdocs/tour-mgmt-laravel-render/vendor/laravel/framework/src/Illuminate/Database/Connectors/Connector.php(45): Illuminate\\Database\\Connectors\\Connector->createPdoConnection('pgsql:host=loca...', 'homestead', 'secret', Array)
#2 /opt/lampp/htdocs/tour-mgmt-laravel-render/vendor/laravel/framework/src/Illuminate/Database/Connectors/PostgresConnector.php(36): Illuminate\\Database\\Connectors\\Connector->createConnection('pgsql:host=loca...', Array, Array)
#3 /opt/lampp/htdocs/tour-mgmt-laravel-render/vendor/laravel/framework/src/Illuminate/Database/Connectors/ConnectionFactory.php(184): Illuminate\\Database\\Connectors\\PostgresConnector->connect(Array)
#4 [internal function]: Illuminate\\Database\\Connectors\\ConnectionFactory->Illuminate\\Database\\Connectors\\{closure}()
#5 /opt/lampp/htdocs/tour-mgmt-laravel-render/vendor/laravel/framework/src/Illuminate/Database/Connection.php(1339): call_user_func(Object(Closure))
#6 /opt/lampp/htdocs/tour-mgmt-laravel-render/vendor/laravel/framework/src/Illuminate/Database/Connection.php(581): Illuminate\\Database\\Connection->getPdo()
#7 /opt/lampp/htdocs/tour-mgmt-laravel-render/vendor/laravel/framework/src/Illuminate/Database/Connection.php(816): Illuminate\\Database\\Connection->Illuminate\\Database\\{closure}('insert into \"te...', Array)
#8 /opt/lampp/htdocs/tour-mgmt-laravel-render/vendor/laravel/framework/src/Illuminate/Database/Connection.php(783): Illuminate\\Database\\Connection->runQueryCallback('insert into \"te...', Array, Object(Closure))
#9 /opt/lampp/htdocs/tour-mgmt-laravel-render/vendor/laravel/framework/src/Illuminate/Database/Connection.php(588): Illuminate\\Database\\Connection->run('insert into \"te...', Array, Object(Closure))
#10 /opt/lampp/htdocs/tour-mgmt-laravel-render/vendor/laravel/framework/src/Illuminate/Database/Connection.php(540): Illuminate\\Database\\Connection->statement('insert into \"te...', Array)
#11 /opt/lampp/htdocs/tour-mgmt-laravel-render/vendor/laravel/framework/src/Illuminate/Database/Query/Builder.php(3500): Illuminate\\Database\\Connection->insert('insert into \"te...', Array)
#12 /opt/lampp/htdocs/tour-mgmt-laravel-render/vendor/laravel/telescope/src/Storage/DatabaseEntriesRepository.php(149): Illuminate\\Database\\Query\\Builder->insert(Array)
#13 /opt/lampp/htdocs/tour-mgmt-laravel-render/vendor/laravel/framework/src/Illuminate/Collections/Traits/EnumeratesValues.php(240): Laravel\\Telescope\\Storage\\DatabaseEntriesRepository->Laravel\\Telescope\\Storage\\{closure}(Object(Illuminate\\Support\\Collection), 0)
#14 /opt/lampp/htdocs/tour-mgmt-laravel-render/vendor/laravel/telescope/src/Storage/DatabaseEntriesRepository.php(150): Illuminate\\Support\\Collection->each(Object(Closure))
#15 /opt/lampp/htdocs/tour-mgmt-laravel-render/vendor/laravel/telescope/src/Telescope.php(664): Laravel\\Telescope\\Storage\\DatabaseEntriesRepository->store(Object(Illuminate\\Support\\Collection))
#16 [internal function]: Laravel\\Telescope\\Telescope::Laravel\\Telescope\\{closure}()
#17 /opt/lampp/htdocs/tour-mgmt-laravel-render/vendor/laravel/telescope/src/Telescope.php(289): call_user_func(Object(Closure))
#18 /opt/lampp/htdocs/tour-mgmt-laravel-render/vendor/laravel/telescope/src/Telescope.php(688): Laravel\\Telescope\\Telescope::withoutRecording(Object(Closure))
#19 /opt/lampp/htdocs/tour-mgmt-laravel-render/vendor/laravel/telescope/src/ListensForStorageOpportunities.php(65): Laravel\\Telescope\\Telescope::store(Object(Laravel\\Telescope\\Storage\\DatabaseEntriesRepository))
#20 /opt/lampp/htdocs/tour-mgmt-laravel-render/vendor/laravel/framework/src/Illuminate/Container/BoundMethod.php(36): Laravel\\Telescope\\Telescope::Laravel\\Telescope\\{closure}()
#21 /opt/lampp/htdocs/tour-mgmt-laravel-render/vendor/laravel/framework/src/Illuminate/Container/Util.php(41): Illuminate\\Container\\BoundMethod::Illuminate\\Container\\{closure}()
#22 /opt/lampp/htdocs/tour-mgmt-laravel-render/vendor/laravel/framework/src/Illuminate/Container/BoundMethod.php(81): Illuminate\\Container\\Util::unwrapIfClosure(Object(Closure))
#23 /opt/lampp/htdocs/tour-mgmt-laravel-render/vendor/laravel/framework/src/Illuminate/Container/BoundMethod.php(37): Illuminate\\Container\\BoundMethod::callBoundMethod(Object(Illuminate\\Foundation\\Application), Object(Closure), Object(Closure))
#24 /opt/lampp/htdocs/tour-mgmt-laravel-render/vendor/laravel/framework/src/Illuminate/Container/Container.php(662): Illuminate\\Container\\BoundMethod::call(Object(Illuminate\\Foundation\\Application), Object(Closure), Array, NULL)
#25 /opt/lampp/htdocs/tour-mgmt-laravel-render/vendor/laravel/framework/src/Illuminate/Foundation/Application.php(1303): Illuminate\\Container\\Container->call(Object(Closure))
#26 /opt/lampp/htdocs/tour-mgmt-laravel-render/vendor/laravel/framework/src/Illuminate/Foundation/Console/Kernel.php(220): Illuminate\\Foundation\\Application->terminate()
#27 /opt/lampp/htdocs/tour-mgmt-laravel-render/artisan(51): Illuminate\\Foundation\\Console\\Kernel->terminate(Object(Symfony\\Component\\Console\\Input\\ArgvInput), 0)
#28 {main}
"} 
